/root/miniconda3/envs/hytmmseg/lib/python3.12/site-packages/torch/distributed/launch.py:207: FutureWarning: The module torch.distributed.launch is deprecated
and will be removed in future. Use torchrun.
Note that --use-env is set by default in torchrun.
If your script expects `--local-rank` argument to be set, please
change it to read from `os.environ['LOCAL_RANK']` instead. See 
https://pytorch.org/docs/stable/distributed.html#launch-utility for 
further instructions

  main()
/home/02/czn/mmengine_sdaa/mmengine/utils/dl_utils/setup_env.py:46: UserWarning: Setting OMP_NUM_THREADS environment variable for each process to be 1 in default, to avoid your system being overloaded, please further tune the variable for optimal performance in your application as needed.
  warnings.warn(
/home/02/czn/mmengine_sdaa/mmengine/utils/dl_utils/setup_env.py:56: UserWarning: Setting MKL_NUM_THREADS environment variable for each process to be 1 in default, to avoid your system being overloaded, please further tune the variable for optimal performance in your application as needed.
  warnings.warn(
07/30 14:38:31 - mmengine - INFO - 
------------------------------------------------------------
System environment:
    sys.platform: linux
    Python: 3.12.9 | packaged by Anaconda, Inc. | (main, Feb  6 2025, 18:56:27) [GCC 11.2.0]
    CUDA available: True
    MUSA available: False
    numpy_random_seed: 729203553
    GPU 0: NVIDIA GeForce RTX 4090
    CUDA_HOME: /usr/local/cuda
    NVCC: Cuda compilation tools, release 12.6, V12.6.85
    GCC: gcc (Ubuntu 11.4.0-1ubuntu1~22.04) 11.4.0
    PyTorch: 2.7.1+cu126
    PyTorch compiling details: PyTorch built with:
  - GCC 11.2
  - C++ Version: 201703
  - Intel(R) oneAPI Math Kernel Library Version 2024.2-Product Build 20240605 for Intel(R) 64 architecture applications
  - Intel(R) MKL-DNN v3.7.1 (Git Hash 8d263e693366ef8db40acc569cc7d8edf644556d)
  - OpenMP 201511 (a.k.a. OpenMP 4.5)
  - LAPACK is enabled (usually provided by MKL)
  - NNPACK is enabled
  - CPU capability usage: AVX512
  - CUDA Runtime 12.6
  - NVCC architecture flags: -gencode;arch=compute_50,code=sm_50;-gencode;arch=compute_60,code=sm_60;-gencode;arch=compute_70,code=sm_70;-gencode;arch=compute_75,code=sm_75;-gencode;arch=compute_80,code=sm_80;-gencode;arch=compute_86,code=sm_86;-gencode;arch=compute_90,code=sm_90
  - CuDNN 90.5.1
  - Magma 2.6.1
  - Build settings: BLAS_INFO=mkl, BUILD_TYPE=Release, COMMIT_SHA=e2d141dbde55c2a4370fac5165b0561b6af4798b, CUDA_VERSION=12.6, CUDNN_VERSION=9.5.1, CXX_COMPILER=/opt/rh/gcc-toolset-11/root/usr/bin/c++, CXX_FLAGS= -D_GLIBCXX_USE_CXX11_ABI=1 -fvisibility-inlines-hidden -DUSE_PTHREADPOOL -DNDEBUG -DUSE_KINETO -DLIBKINETO_NOROCTRACER -DLIBKINETO_NOXPUPTI=ON -DUSE_FBGEMM -DUSE_PYTORCH_QNNPACK -DUSE_XNNPACK -DSYMBOLICATE_MOBILE_DEBUG_HANDLE -O2 -fPIC -Wall -Wextra -Werror=return-type -Werror=non-virtual-dtor -Werror=range-loop-construct -Werror=bool-operation -Wnarrowing -Wno-missing-field-initializers -Wno-unknown-pragmas -Wno-unused-parameter -Wno-strict-overflow -Wno-strict-aliasing -Wno-stringop-overflow -Wsuggest-override -Wno-psabi -Wno-error=old-style-cast -fdiagnostics-color=always -faligned-new -Wno-maybe-uninitialized -fno-math-errno -fno-trapping-math -Werror=format -Wno-stringop-overflow, LAPACK_INFO=mkl, PERF_WITH_AVX=1, PERF_WITH_AVX2=1, TORCH_VERSION=2.7.1, USE_CUDA=ON, USE_CUDNN=ON, USE_CUSPARSELT=1, USE_GFLAGS=OFF, USE_GLOG=OFF, USE_GLOO=ON, USE_MKL=ON, USE_MKLDNN=ON, USE_MPI=OFF, USE_NCCL=1, USE_NNPACK=ON, USE_OPENMP=ON, USE_ROCM=OFF, USE_ROCM_KERNEL_ASSERT=OFF, 

    OpenCV: 4.12.0
    MMEngine: 0.10.4

Runtime environment:
    cudnn_benchmark: True
    mp_cfg: {'mp_start_method': 'fork', 'opencv_num_threads': 0}
    dist_cfg: {'backend': 'nccl'}
    seed: 729203553
    Distributed launcher: pytorch
    Distributed training: True
    GPU number: 1
------------------------------------------------------------

07/30 14:38:32 - mmengine - INFO - Config:
crop_size = (
    512,
    1024,
)
data_preprocessor = dict(
    bgr_to_rgb=True,
    mean=[
        123.675,
        116.28,
        103.53,
    ],
    pad_val=0,
    seg_pad_val=255,
    size=(
        512,
        1024,
    ),
    std=[
        58.395,
        57.12,
        57.375,
    ],
    type='SegDataPreProcessor')
data_root = 'data/cityscapes/'
dataset_type = 'CityscapesDataset'
default_hooks = dict(
    checkpoint=dict(by_epoch=False, interval=4000, type='CheckpointHook'),
    logger=dict(interval=50, log_metric_by_epoch=False, type='LoggerHook'),
    param_scheduler=dict(type='ParamSchedulerHook'),
    sampler_seed=dict(type='DistSamplerSeedHook'),
    timer=dict(type='IterTimerHook'),
    visualization=dict(type='SegVisualizationHook'))
default_scope = 'mmseg'
env_cfg = dict(
    cudnn_benchmark=True,
    dist_cfg=dict(backend='nccl'),
    mp_cfg=dict(mp_start_method='fork', opencv_num_threads=0))
img_ratios = [
    0.5,
    0.75,
    1.0,
    1.25,
    1.5,
    1.75,
]
launcher = 'pytorch'
load_from = None
log_level = 'INFO'
log_processor = dict(by_epoch=False)
model = dict(
    backbone=dict(
        extra=dict(
            stage1=dict(
                block='BOTTLENECK',
                num_blocks=(4, ),
                num_branches=1,
                num_channels=(64, ),
                num_modules=1),
            stage2=dict(
                block='BASIC',
                num_blocks=(
                    4,
                    4,
                ),
                num_branches=2,
                num_channels=(
                    18,
                    36,
                ),
                num_modules=1),
            stage3=dict(
                block='BASIC',
                num_blocks=(
                    4,
                    4,
                    4,
                ),
                num_branches=3,
                num_channels=(
                    18,
                    36,
                    72,
                ),
                num_modules=4),
            stage4=dict(
                block='BASIC',
                num_blocks=(
                    4,
                    4,
                    4,
                    4,
                ),
                num_branches=4,
                num_channels=(
                    18,
                    36,
                    72,
                    144,
                ),
                num_modules=3)),
        norm_cfg=dict(requires_grad=True, type='SyncBN'),
        norm_eval=False,
        type='HRNet'),
    data_preprocessor=dict(
        bgr_to_rgb=True,
        mean=[
            123.675,
            116.28,
            103.53,
        ],
        pad_val=0,
        seg_pad_val=255,
        size=(
            512,
            1024,
        ),
        std=[
            58.395,
            57.12,
            57.375,
        ],
        type='SegDataPreProcessor'),
    decode_head=[
        dict(
            align_corners=False,
            channels=270,
            concat_input=False,
            dropout_ratio=-1,
            in_channels=[
                18,
                36,
                72,
                144,
            ],
            in_index=(
                0,
                1,
                2,
                3,
            ),
            input_transform='resize_concat',
            kernel_size=1,
            loss_decode=dict(
                loss_weight=0.4, type='CrossEntropyLoss', use_sigmoid=False),
            norm_cfg=dict(requires_grad=True, type='SyncBN'),
            num_classes=19,
            num_convs=1,
            type='FCNHead'),
        dict(
            align_corners=False,
            channels=512,
            dropout_ratio=-1,
            in_channels=[
                18,
                36,
                72,
                144,
            ],
            in_index=(
                0,
                1,
                2,
                3,
            ),
            input_transform='resize_concat',
            loss_decode=dict(
                loss_weight=1.0, type='CrossEntropyLoss', use_sigmoid=False),
            norm_cfg=dict(requires_grad=True, type='SyncBN'),
            num_classes=19,
            ocr_channels=256,
            type='OCRHead'),
    ],
    num_stages=2,
    pretrained='open-mmlab://msra/hrnetv2_w18',
    test_cfg=dict(mode='whole'),
    train_cfg=dict(),
    type='CascadeEncoderDecoder')
norm_cfg = dict(requires_grad=True, type='SyncBN')
optim_wrapper = dict(
    clip_grad=None,
    loss_scale='dynamic',
    optimizer=dict(lr=0.01, momentum=0.9, type='SGD', weight_decay=0.0005),
    type='AmpOptimWrapper')
optimizer = dict(lr=0.01, momentum=0.9, type='SGD', weight_decay=0.0005)
param_scheduler = [
    dict(
        begin=0,
        by_epoch=False,
        end=40000,
        eta_min=0.0001,
        power=0.9,
        type='PolyLR'),
]
resume = False
test_cfg = dict(type='TestLoop')
test_dataloader = dict(
    batch_size=1,
    dataset=dict(
        data_prefix=dict(
            img_path='leftImg8bit/val', seg_map_path='gtFine/val'),
        data_root='data/cityscapes/',
        pipeline=[
            dict(type='LoadImageFromFile'),
            dict(keep_ratio=True, scale=(
                2048,
                1024,
            ), type='Resize'),
            dict(type='LoadAnnotations'),
            dict(type='PackSegInputs'),
        ],
        type='CityscapesDataset'),
    num_workers=4,
    persistent_workers=True,
    sampler=dict(shuffle=False, type='DefaultSampler'))
test_evaluator = dict(
    iou_metrics=[
        'mIoU',
    ], type='IoUMetric')
test_pipeline = [
    dict(type='LoadImageFromFile'),
    dict(keep_ratio=True, scale=(
        2048,
        1024,
    ), type='Resize'),
    dict(type='LoadAnnotations'),
    dict(type='PackSegInputs'),
]
train_cfg = dict(max_iters=40000, type='IterBasedTrainLoop', val_interval=4000)
train_dataloader = dict(
    batch_size=2,
    dataset=dict(
        data_prefix=dict(
            img_path='leftImg8bit/train', seg_map_path='gtFine/train'),
        data_root='/home/02/Cityscapes',
        pipeline=[
            dict(type='LoadImageFromFile'),
            dict(type='LoadAnnotations'),
            dict(
                keep_ratio=True,
                ratio_range=(
                    0.5,
                    2.0,
                ),
                scale=(
                    2048,
                    1024,
                ),
                type='RandomResize'),
            dict(
                cat_max_ratio=0.75, crop_size=(
                    512,
                    1024,
                ), type='RandomCrop'),
            dict(prob=0.5, type='RandomFlip'),
            dict(type='PhotoMetricDistortion'),
            dict(type='PackSegInputs'),
        ],
        type='CityscapesDataset'),
    num_workers=2,
    persistent_workers=True,
    sampler=dict(shuffle=True, type='InfiniteSampler'))
train_pipeline = [
    dict(type='LoadImageFromFile'),
    dict(type='LoadAnnotations'),
    dict(
        keep_ratio=True,
        ratio_range=(
            0.5,
            2.0,
        ),
        scale=(
            2048,
            1024,
        ),
        type='RandomResize'),
    dict(cat_max_ratio=0.75, crop_size=(
        512,
        1024,
    ), type='RandomCrop'),
    dict(prob=0.5, type='RandomFlip'),
    dict(type='PhotoMetricDistortion'),
    dict(type='PackSegInputs'),
]
tta_model = dict(type='SegTTAModel')
tta_pipeline = [
    dict(backend_args=None, type='LoadImageFromFile'),
    dict(
        transforms=[
            [
                dict(keep_ratio=True, scale_factor=0.5, type='Resize'),
                dict(keep_ratio=True, scale_factor=0.75, type='Resize'),
                dict(keep_ratio=True, scale_factor=1.0, type='Resize'),
                dict(keep_ratio=True, scale_factor=1.25, type='Resize'),
                dict(keep_ratio=True, scale_factor=1.5, type='Resize'),
                dict(keep_ratio=True, scale_factor=1.75, type='Resize'),
            ],
            [
                dict(direction='horizontal', prob=0.0, type='RandomFlip'),
                dict(direction='horizontal', prob=1.0, type='RandomFlip'),
            ],
            [
                dict(type='LoadAnnotations'),
            ],
            [
                dict(type='PackSegInputs'),
            ],
        ],
        type='TestTimeAug'),
]
val_cfg = dict(type='ValLoop')
val_dataloader = dict(
    batch_size=1,
    dataset=dict(
        data_prefix=dict(
            img_path='leftImg8bit/val', seg_map_path='gtFine/val'),
        data_root='/home/02/Cityscapes',
        pipeline=[
            dict(type='LoadImageFromFile'),
            dict(keep_ratio=True, scale=(
                2048,
                1024,
            ), type='Resize'),
            dict(type='LoadAnnotations'),
            dict(type='PackSegInputs'),
        ],
        type='CityscapesDataset'),
    num_workers=4,
    persistent_workers=True,
    sampler=dict(shuffle=False, type='DefaultSampler'))
val_evaluator = dict(
    iou_metrics=[
        'mIoU',
    ], type='IoUMetric')
vis_backends = [
    dict(type='LocalVisBackend'),
]
visualizer = dict(
    name='visualizer',
    type='SegLocalVisualizer',
    vis_backends=[
        dict(type='LocalVisBackend'),
    ])
work_dir = './work_dirs/ocrnet_hr18_4xb2-40k_cityscapes-512x1024'

/home/02/czn/mmsegmentation-main/mmseg/models/backbones/hrnet.py:318: UserWarning: DeprecationWarning: pretrained is deprecated, please use "init_cfg" instead
  warnings.warn('DeprecationWarning: pretrained is deprecated, '
/home/02/czn/mmsegmentation-main/mmseg/models/losses/cross_entropy_loss.py:250: UserWarning: Default ``avg_non_ignore`` is False, if you would like to ignore the certain label and average loss over non-ignore labels, which is the same with PyTorch official cross_entropy, set ``avg_non_ignore=True``.
  warnings.warn(
/home/02/czn/mmsegmentation-main/mmseg/engine/hooks/visualization_hook.py:60: UserWarning: The draw is False, it means that the hook for visualization will not take effect. The results will NOT be visualized or stored.
  warnings.warn('The draw is False, it means that the '
07/30 14:39:08 - mmengine - INFO - Hooks will be executed in the following order:
before_run:
(VERY_HIGH   ) RuntimeInfoHook                    
(BELOW_NORMAL) LoggerHook                         
 -------------------- 
before_train:
(VERY_HIGH   ) RuntimeInfoHook                    
(NORMAL      ) IterTimerHook                      
(VERY_LOW    ) CheckpointHook                     
 -------------------- 
before_train_epoch:
(VERY_HIGH   ) RuntimeInfoHook                    
(NORMAL      ) IterTimerHook                      
(NORMAL      ) DistSamplerSeedHook                
 -------------------- 
before_train_iter:
(VERY_HIGH   ) RuntimeInfoHook                    
(NORMAL      ) IterTimerHook                      
 -------------------- 
after_train_iter:
(VERY_HIGH   ) RuntimeInfoHook                    
(NORMAL      ) IterTimerHook                      
(BELOW_NORMAL) LoggerHook                         
(LOW         ) ParamSchedulerHook                 
(VERY_LOW    ) CheckpointHook                     
 -------------------- 
after_train_epoch:
(NORMAL      ) IterTimerHook                      
(LOW         ) ParamSchedulerHook                 
(VERY_LOW    ) CheckpointHook                     
 -------------------- 
before_val:
(VERY_HIGH   ) RuntimeInfoHook                    
 -------------------- 
before_val_epoch:
(NORMAL      ) IterTimerHook                      
 -------------------- 
before_val_iter:
(NORMAL      ) IterTimerHook                      
 -------------------- 
after_val_iter:
(NORMAL      ) IterTimerHook                      
(NORMAL      ) SegVisualizationHook               
(BELOW_NORMAL) LoggerHook                         
 -------------------- 
after_val_epoch:
(VERY_HIGH   ) RuntimeInfoHook                    
(NORMAL      ) IterTimerHook                      
(BELOW_NORMAL) LoggerHook                         
(LOW         ) ParamSchedulerHook                 
(VERY_LOW    ) CheckpointHook                     
 -------------------- 
after_val:
(VERY_HIGH   ) RuntimeInfoHook                    
 -------------------- 
after_train:
(VERY_HIGH   ) RuntimeInfoHook                    
(VERY_LOW    ) CheckpointHook                     
 -------------------- 
before_test:
(VERY_HIGH   ) RuntimeInfoHook                    
 -------------------- 
before_test_epoch:
(NORMAL      ) IterTimerHook                      
 -------------------- 
before_test_iter:
(NORMAL      ) IterTimerHook                      
 -------------------- 
after_test_iter:
(NORMAL      ) IterTimerHook                      
(NORMAL      ) SegVisualizationHook               
(BELOW_NORMAL) LoggerHook                         
 -------------------- 
after_test_epoch:
(VERY_HIGH   ) RuntimeInfoHook                    
(NORMAL      ) IterTimerHook                      
(BELOW_NORMAL) LoggerHook                         
 -------------------- 
after_test:
(VERY_HIGH   ) RuntimeInfoHook                    
 -------------------- 
after_run:
(BELOW_NORMAL) LoggerHook                         
 -------------------- 
/home/02/czn/mmengine_sdaa/mmengine/optim/optimizer/amp_optimizer_wrapper.py:100: FutureWarning: `torch.cuda.amp.GradScaler(args...)` is deprecated. Please use `torch.amp.GradScaler('cuda', args...)` instead.
  self.loss_scaler = scaler_type()
07/30 14:39:35 - mmengine - WARNING - The prefix is not set in metric class IoUMetric.
07/30 14:39:36 - mmengine - INFO - load model from: open-mmlab://msra/hrnetv2_w18
07/30 14:39:36 - mmengine - INFO - Loads checkpoint by openmmlab backend from path: open-mmlab://msra/hrnetv2_w18
Downloading: "https://download.openmmlab.com/pretrain/third_party/hrnetv2_w18-00eb2006.pth" to /root/.cache/torch/hub/checkpoints/hrnetv2_w18-00eb2006.pth

  0%|          | 0.00/81.8M [00:00<?, ?B/s]
  0%|          | 384k/81.8M [00:00<00:24, 3.54MB/s]
  1%|          | 1.00M/81.8M [00:00<00:16, 5.04MB/s]
  2%|▏         | 1.62M/81.8M [00:00<00:15, 5.41MB/s]
  3%|▎         | 2.25M/81.8M [00:00<00:15, 5.46MB/s]
  4%|▎         | 2.88M/81.8M [00:00<00:14, 5.58MB/s]
  4%|▍         | 3.50M/81.8M [00:00<00:14, 5.66MB/s]
  5%|▌         | 4.12M/81.8M [00:00<00:14, 5.68MB/s]
  6%|▌         | 4.75M/81.8M [00:00<00:14, 5.72MB/s]
  7%|▋         | 5.38M/81.8M [00:01<00:13, 5.76MB/s]
  7%|▋         | 6.00M/81.8M [00:01<00:13, 5.79MB/s]
  8%|▊         | 6.62M/81.8M [00:01<00:13, 5.80MB/s]
  9%|▉         | 7.25M/81.8M [00:01<00:13, 5.82MB/s]
 10%|▉         | 7.88M/81.8M [00:01<00:13, 5.79MB/s]
 10%|█         | 8.50M/81.8M [00:01<00:13, 5.82MB/s]
 11%|█         | 9.12M/81.8M [00:01<00:13, 5.80MB/s]
 12%|█▏        | 9.75M/81.8M [00:01<00:12, 5.81MB/s]
 13%|█▎        | 10.4M/81.8M [00:01<00:12, 5.81MB/s]
 13%|█▎        | 11.0M/81.8M [00:02<00:12, 5.80MB/s]
 14%|█▍        | 11.6M/81.8M [00:02<00:12, 5.76MB/s]
 15%|█▍        | 12.2M/81.8M [00:02<00:12, 5.81MB/s]
 16%|█▌        | 12.9M/81.8M [00:02<00:12, 5.86MB/s]
 17%|█▋        | 13.5M/81.8M [00:02<00:12, 5.83MB/s]
 17%|█▋        | 14.1M/81.8M [00:02<00:12, 5.81MB/s]
 18%|█▊        | 14.8M/81.8M [00:02<00:12, 5.75MB/s]
 19%|█▉        | 15.4M/81.8M [00:02<00:12, 5.75MB/s]
 20%|█▉        | 16.0M/81.8M [00:02<00:11, 5.78MB/s]
 20%|██        | 16.6M/81.8M [00:03<00:11, 5.74MB/s]
 21%|██        | 17.2M/81.8M [00:03<00:11, 5.76MB/s]
 22%|██▏       | 17.9M/81.8M [00:03<00:11, 5.77MB/s]
 23%|██▎       | 18.5M/81.8M [00:03<00:11, 5.79MB/s]
 23%|██▎       | 19.1M/81.8M [00:03<00:11, 5.75MB/s]
 24%|██▍       | 19.8M/81.8M [00:03<00:11, 5.75MB/s]
 25%|██▍       | 20.4M/81.8M [00:03<00:11, 5.80MB/s]
 26%|██▌       | 21.0M/81.8M [00:03<00:10, 5.83MB/s]
 26%|██▋       | 21.6M/81.8M [00:03<00:10, 5.85MB/s]
 27%|██▋       | 22.2M/81.8M [00:04<00:10, 5.80MB/s]
 28%|██▊       | 22.9M/81.8M [00:04<00:10, 5.77MB/s]
 29%|██▊       | 23.5M/81.8M [00:04<00:10, 5.80MB/s]
 29%|██▉       | 24.1M/81.8M [00:04<00:10, 5.85MB/s]
 30%|███       | 24.8M/81.8M [00:04<00:10, 5.76MB/s]
 31%|███       | 25.4M/81.8M [00:04<00:10, 5.90MB/s]
 32%|███▏      | 26.0M/81.8M [00:04<00:09, 5.88MB/s]
 33%|███▎      | 26.6M/81.8M [00:04<00:09, 5.87MB/s]
 33%|███▎      | 27.2M/81.8M [00:04<00:09, 5.89MB/s]
 34%|███▍      | 27.9M/81.8M [00:05<00:09, 5.85MB/s]
 35%|███▍      | 28.5M/81.8M [00:05<00:09, 5.88MB/s]
 36%|███▌      | 29.1M/81.8M [00:05<00:09, 5.89MB/s]
 36%|███▋      | 29.8M/81.8M [00:05<00:09, 5.77MB/s]
 37%|███▋      | 30.4M/81.8M [00:05<00:09, 5.78MB/s]
 38%|███▊      | 31.0M/81.8M [00:05<00:09, 5.81MB/s]
 39%|███▊      | 31.6M/81.8M [00:05<00:08, 5.85MB/s]
 39%|███▉      | 32.2M/81.8M [00:05<00:08, 5.84MB/s]
 40%|████      | 32.9M/81.8M [00:05<00:08, 5.84MB/s]
 41%|████      | 33.5M/81.8M [00:06<00:08, 5.80MB/s]
 42%|████▏     | 34.1M/81.8M [00:06<00:08, 5.83MB/s]
 42%|████▏     | 34.8M/81.8M [00:06<00:08, 5.87MB/s]
 43%|████▎     | 35.4M/81.8M [00:06<00:08, 5.86MB/s]
 44%|████▍     | 36.0M/81.8M [00:06<00:08, 5.86MB/s]
 45%|████▍     | 36.6M/81.8M [00:06<00:08, 5.84MB/s]
 46%|████▌     | 37.2M/81.8M [00:06<00:08, 5.82MB/s]
 46%|████▋     | 37.9M/81.8M [00:06<00:07, 5.83MB/s]
 47%|████▋     | 38.5M/81.8M [00:06<00:07, 5.84MB/s]
 48%|████▊     | 39.1M/81.8M [00:07<00:07, 5.83MB/s]
 49%|████▊     | 39.8M/81.8M [00:07<00:07, 5.87MB/s]
 49%|████▉     | 40.4M/81.8M [00:07<00:07, 5.83MB/s]
 50%|█████     | 41.0M/81.8M [00:07<00:07, 5.79MB/s]
 51%|█████     | 41.6M/81.8M [00:07<00:07, 5.84MB/s]
 52%|█████▏    | 42.2M/81.8M [00:07<00:07, 5.77MB/s]
 52%|█████▏    | 42.9M/81.8M [00:07<00:07, 5.81MB/s]
 53%|█████▎    | 43.5M/81.8M [00:07<00:06, 5.76MB/s]
 54%|█████▍    | 44.1M/81.8M [00:08<00:06, 5.78MB/s]
 55%|█████▍    | 44.8M/81.8M [00:08<00:06, 5.77MB/s]
 55%|█████▌    | 45.4M/81.8M [00:08<00:06, 5.81MB/s]
 56%|█████▌    | 46.0M/81.8M [00:08<00:06, 5.84MB/s]
 57%|█████▋    | 46.6M/81.8M [00:08<00:06, 5.82MB/s]
 58%|█████▊    | 47.2M/81.8M [00:08<00:06, 5.82MB/s]
 59%|█████▊    | 47.9M/81.8M [00:08<00:06, 5.77MB/s]
 59%|█████▉    | 48.5M/81.8M [00:08<00:06, 5.79MB/s]
 60%|██████    | 49.1M/81.8M [00:08<00:05, 5.81MB/s]
 61%|██████    | 49.8M/81.8M [00:09<00:05, 5.81MB/s]
 62%|██████▏   | 50.4M/81.8M [00:09<00:05, 5.84MB/s]
 62%|██████▏   | 51.0M/81.8M [00:09<00:05, 5.86MB/s]
 63%|██████▎   | 51.6M/81.8M [00:09<00:05, 5.81MB/s]
 64%|██████▍   | 52.2M/81.8M [00:09<00:05, 5.84MB/s]
 65%|██████▍   | 52.9M/81.8M [00:09<00:05, 5.84MB/s]
 65%|██████▌   | 53.5M/81.8M [00:09<00:05, 5.85MB/s]
 66%|██████▌   | 54.1M/81.8M [00:09<00:05, 5.80MB/s]
 67%|██████▋   | 54.8M/81.8M [00:09<00:04, 5.80MB/s]
 68%|██████▊   | 55.4M/81.8M [00:10<00:04, 5.74MB/s]
 68%|██████▊   | 56.0M/81.8M [00:10<00:04, 5.75MB/s]
 69%|██████▉   | 56.6M/81.8M [00:10<00:04, 5.79MB/s]
 70%|██████▉   | 57.2M/81.8M [00:10<00:04, 5.82MB/s]
 71%|███████   | 57.9M/81.8M [00:10<00:04, 5.77MB/s]
 72%|███████▏  | 58.5M/81.8M [00:10<00:04, 5.73MB/s]
 72%|███████▏  | 59.1M/81.8M [00:10<00:04, 5.71MB/s]
 73%|███████▎  | 59.8M/81.8M [00:10<00:04, 5.70MB/s]
 74%|███████▍  | 60.4M/81.8M [00:10<00:03, 5.73MB/s]
 75%|███████▍  | 61.0M/81.8M [00:11<00:03, 5.77MB/s]
 75%|███████▌  | 61.6M/81.8M [00:11<00:03, 5.82MB/s]
 76%|███████▌  | 62.2M/81.8M [00:11<00:03, 5.80MB/s]
 77%|███████▋  | 62.9M/81.8M [00:11<00:03, 5.80MB/s]
 78%|███████▊  | 63.5M/81.8M [00:11<00:03, 5.82MB/s]
 78%|███████▊  | 64.1M/81.8M [00:11<00:03, 5.81MB/s]
 79%|███████▉  | 64.8M/81.8M [00:11<00:03, 5.84MB/s]
 80%|███████▉  | 65.4M/81.8M [00:11<00:02, 5.83MB/s]
 81%|████████  | 66.0M/81.8M [00:11<00:02, 5.73MB/s]
 81%|████████▏ | 66.6M/81.8M [00:12<00:02, 5.76MB/s]
 82%|████████▏ | 67.2M/81.8M [00:12<00:02, 5.81MB/s]
 83%|████████▎ | 67.9M/81.8M [00:12<00:02, 5.82MB/s]
 84%|████████▍ | 68.5M/81.8M [00:12<00:02, 5.77MB/s]
 85%|████████▍ | 69.1M/81.8M [00:12<00:02, 5.84MB/s]
 85%|████████▌ | 69.8M/81.8M [00:12<00:02, 5.75MB/s]
 86%|████████▌ | 70.4M/81.8M [00:12<00:02, 5.81MB/s]
 87%|████████▋ | 71.0M/81.8M [00:12<00:01, 5.84MB/s]
 88%|████████▊ | 71.6M/81.8M [00:12<00:01, 5.81MB/s]
 88%|████████▊ | 72.2M/81.8M [00:13<00:01, 5.79MB/s]
 89%|████████▉ | 72.9M/81.8M [00:13<00:01, 5.80MB/s]
 90%|████████▉ | 73.5M/81.8M [00:13<00:01, 5.79MB/s]
 91%|█████████ | 74.1M/81.8M [00:13<00:01, 5.83MB/s]
 91%|█████████▏| 74.8M/81.8M [00:13<00:01, 5.84MB/s]
 92%|█████████▏| 75.4M/81.8M [00:13<00:01, 5.84MB/s]
 93%|█████████▎| 76.0M/81.8M [00:13<00:01, 5.86MB/s]
 94%|█████████▎| 76.6M/81.8M [00:13<00:00, 5.89MB/s]
 94%|█████████▍| 77.2M/81.8M [00:13<00:00, 5.85MB/s]
 95%|█████████▌| 77.9M/81.8M [00:14<00:00, 5.85MB/s]
 96%|█████████▌| 78.5M/81.8M [00:14<00:00, 5.85MB/s]
 97%|█████████▋| 79.1M/81.8M [00:14<00:00, 5.81MB/s]
 98%|█████████▊| 79.8M/81.8M [00:14<00:00, 5.82MB/s]
 98%|█████████▊| 80.4M/81.8M [00:14<00:00, 5.81MB/s]
 99%|█████████▉| 81.0M/81.8M [00:14<00:00, 5.80MB/s]
100%|█████████▉| 81.6M/81.8M [00:14<00:00, 5.83MB/s]
100%|██████████| 81.8M/81.8M [00:14<00:00, 5.79MB/s]
07/30 14:39:53 - mmengine - WARNING - The model and loaded state dict do not match exactly

unexpected key in source state_dict: incre_modules.0.0.conv1.weight, incre_modules.0.0.bn1.weight, incre_modules.0.0.bn1.bias, incre_modules.0.0.bn1.running_mean, incre_modules.0.0.bn1.running_var, incre_modules.0.0.bn1.num_batches_tracked, incre_modules.0.0.conv2.weight, incre_modules.0.0.bn2.weight, incre_modules.0.0.bn2.bias, incre_modules.0.0.bn2.running_mean, incre_modules.0.0.bn2.running_var, incre_modules.0.0.bn2.num_batches_tracked, incre_modules.0.0.conv3.weight, incre_modules.0.0.bn3.weight, incre_modules.0.0.bn3.bias, incre_modules.0.0.bn3.running_mean, incre_modules.0.0.bn3.running_var, incre_modules.0.0.bn3.num_batches_tracked, incre_modules.0.0.downsample.0.weight, incre_modules.0.0.downsample.1.weight, incre_modules.0.0.downsample.1.bias, incre_modules.0.0.downsample.1.running_mean, incre_modules.0.0.downsample.1.running_var, incre_modules.0.0.downsample.1.num_batches_tracked, incre_modules.1.0.conv1.weight, incre_modules.1.0.bn1.weight, incre_modules.1.0.bn1.bias, incre_modules.1.0.bn1.running_mean, incre_modules.1.0.bn1.running_var, incre_modules.1.0.bn1.num_batches_tracked, incre_modules.1.0.conv2.weight, incre_modules.1.0.bn2.weight, incre_modules.1.0.bn2.bias, incre_modules.1.0.bn2.running_mean, incre_modules.1.0.bn2.running_var, incre_modules.1.0.bn2.num_batches_tracked, incre_modules.1.0.conv3.weight, incre_modules.1.0.bn3.weight, incre_modules.1.0.bn3.bias, incre_modules.1.0.bn3.running_mean, incre_modules.1.0.bn3.running_var, incre_modules.1.0.bn3.num_batches_tracked, incre_modules.1.0.downsample.0.weight, incre_modules.1.0.downsample.1.weight, incre_modules.1.0.downsample.1.bias, incre_modules.1.0.downsample.1.running_mean, incre_modules.1.0.downsample.1.running_var, incre_modules.1.0.downsample.1.num_batches_tracked, incre_modules.2.0.conv1.weight, incre_modules.2.0.bn1.weight, incre_modules.2.0.bn1.bias, incre_modules.2.0.bn1.running_mean, incre_modules.2.0.bn1.running_var, incre_modules.2.0.bn1.num_batches_tracked, incre_modules.2.0.conv2.weight, incre_modules.2.0.bn2.weight, incre_modules.2.0.bn2.bias, incre_modules.2.0.bn2.running_mean, incre_modules.2.0.bn2.running_var, incre_modules.2.0.bn2.num_batches_tracked, incre_modules.2.0.conv3.weight, incre_modules.2.0.bn3.weight, incre_modules.2.0.bn3.bias, incre_modules.2.0.bn3.running_mean, incre_modules.2.0.bn3.running_var, incre_modules.2.0.bn3.num_batches_tracked, incre_modules.2.0.downsample.0.weight, incre_modules.2.0.downsample.1.weight, incre_modules.2.0.downsample.1.bias, incre_modules.2.0.downsample.1.running_mean, incre_modules.2.0.downsample.1.running_var, incre_modules.2.0.downsample.1.num_batches_tracked, incre_modules.3.0.conv1.weight, incre_modules.3.0.bn1.weight, incre_modules.3.0.bn1.bias, incre_modules.3.0.bn1.running_mean, incre_modules.3.0.bn1.running_var, incre_modules.3.0.bn1.num_batches_tracked, incre_modules.3.0.conv2.weight, incre_modules.3.0.bn2.weight, incre_modules.3.0.bn2.bias, incre_modules.3.0.bn2.running_mean, incre_modules.3.0.bn2.running_var, incre_modules.3.0.bn2.num_batches_tracked, incre_modules.3.0.conv3.weight, incre_modules.3.0.bn3.weight, incre_modules.3.0.bn3.bias, incre_modules.3.0.bn3.running_mean, incre_modules.3.0.bn3.running_var, incre_modules.3.0.bn3.num_batches_tracked, incre_modules.3.0.downsample.0.weight, incre_modules.3.0.downsample.1.weight, incre_modules.3.0.downsample.1.bias, incre_modules.3.0.downsample.1.running_mean, incre_modules.3.0.downsample.1.running_var, incre_modules.3.0.downsample.1.num_batches_tracked, downsamp_modules.0.0.weight, downsamp_modules.0.0.bias, downsamp_modules.0.1.weight, downsamp_modules.0.1.bias, downsamp_modules.0.1.running_mean, downsamp_modules.0.1.running_var, downsamp_modules.0.1.num_batches_tracked, downsamp_modules.1.0.weight, downsamp_modules.1.0.bias, downsamp_modules.1.1.weight, downsamp_modules.1.1.bias, downsamp_modules.1.1.running_mean, downsamp_modules.1.1.running_var, downsamp_modules.1.1.num_batches_tracked, downsamp_modules.2.0.weight, downsamp_modules.2.0.bias, downsamp_modules.2.1.weight, downsamp_modules.2.1.bias, downsamp_modules.2.1.running_mean, downsamp_modules.2.1.running_var, downsamp_modules.2.1.num_batches_tracked, final_layer.0.weight, final_layer.0.bias, final_layer.1.weight, final_layer.1.bias, final_layer.1.running_mean, final_layer.1.running_var, final_layer.1.num_batches_tracked, classifier.weight, classifier.bias

07/30 14:39:54 - mmengine - WARNING - "FileClient" will be deprecated in future. Please use io functions in https://mmengine.readthedocs.io/en/latest/api/fileio.html#file-io
07/30 14:39:54 - mmengine - WARNING - "HardDiskBackend" is the alias of "LocalBackend" and the former will be deprecated in future.
07/30 14:39:54 - mmengine - INFO - Checkpoints will be saved to /home/02/hyt/ann/run_scripts/work_dirs/ocrnet_hr18_4xb2-40k_cityscapes-512x1024.
TCAPPDLL 2025-07-30 14:39:58.983193 - Epoch: 0 Iteration: 0  rank : 0  train.loss : 3.406426429748535  train.ips : 0.40337349288672975 imgs/s train.total_time : 4.958184003829956 
TCAPPDLL 2025-07-30 14:39:59.248222 - Epoch: 0 Iteration: 1  rank : 0  train.loss : 4.231115818023682  train.ips : 7.5506925467068475 imgs/s train.total_time : 0.2648763656616211 
TCAPPDLL 2025-07-30 14:39:59.481037 - Epoch: 0 Iteration: 2  rank : 0  train.loss : 3.8660178184509277  train.ips : 8.594295268664958 imgs/s train.total_time : 0.2327125072479248 
TCAPPDLL 2025-07-30 14:39:59.720897 - Epoch: 0 Iteration: 3  rank : 0  train.loss : 3.9342617988586426  train.ips : 8.342449228419158 imgs/s train.total_time : 0.23973774909973145 
TCAPPDLL 2025-07-30 14:40:00.346083 - Epoch: 0 Iteration: 4  rank : 0  train.loss : 3.504688262939453  train.ips : 3.1997912733811384 imgs/s train.total_time : 0.6250407695770264 
TCAPPDLL 2025-07-30 14:40:00.639705 - Epoch: 0 Iteration: 5  rank : 0  train.loss : 3.2572855949401855  train.ips : 6.8146821873316865 imgs/s train.total_time : 0.2934839725494385 
TCAPPDLL 2025-07-30 14:40:00.837473 - Epoch: 0 Iteration: 6  rank : 0  train.loss : 3.069912910461426  train.ips : 10.119595100772425 imgs/s train.total_time : 0.19763636589050293 
TCAPPDLL 2025-07-30 14:40:01.042864 - Epoch: 0 Iteration: 7  rank : 0  train.loss : 2.8280372619628906  train.ips : 9.74241382514169 imgs/s train.total_time : 0.20528793334960938 
TCAPPDLL 2025-07-30 14:40:02.528882 - Epoch: 0 Iteration: 8  rank : 0  train.loss : 2.443601369857788  train.ips : 1.346016117968446 imgs/s train.total_time : 1.4858663082122803 
TCAPPDLL 2025-07-30 14:40:02.835762 - Epoch: 0 Iteration: 9  rank : 0  train.loss : 2.1518428325653076  train.ips : 6.519976278582093 imgs/s train.total_time : 0.3067495822906494 
TCAPPDLL 2025-07-30 14:40:03.480107 - Epoch: 0 Iteration: 10  rank : 0  train.loss : 2.35264253616333  train.ips : 3.104615134086855 imgs/s train.total_time : 0.6442022323608398 
TCAPPDLL 2025-07-30 14:40:03.861507 - Epoch: 0 Iteration: 11  rank : 0  train.loss : 2.3419408798217773  train.ips : 5.246171972913003 imgs/s train.total_time : 0.38123035430908203 
TCAPPDLL 2025-07-30 14:40:04.115344 - Epoch: 0 Iteration: 12  rank : 0  train.loss : 2.203953266143799  train.ips : 7.883407700895794 imgs/s train.total_time : 0.25369739532470703 
TCAPPDLL 2025-07-30 14:40:05.358259 - Epoch: 0 Iteration: 13  rank : 0  train.loss : 2.6974704265594482  train.ips : 1.6093064426488246 imgs/s train.total_time : 1.2427713871002197 
TCAPPDLL 2025-07-30 14:40:05.720751 - Epoch: 0 Iteration: 14  rank : 0  train.loss : 1.5873949527740479  train.ips : 5.519028016182186 imgs/s train.total_time : 0.3623826503753662 
TCAPPDLL 2025-07-30 14:40:06.247879 - Epoch: 0 Iteration: 15  rank : 0  train.loss : 1.9278453588485718  train.ips : 3.7949689091159966 imgs/s train.total_time : 0.5270135402679443 
TCAPPDLL 2025-07-30 14:40:06.636953 - Epoch: 0 Iteration: 16  rank : 0  train.loss : 1.2860288619995117  train.ips : 5.142709658434309 imgs/s train.total_time : 0.3889000415802002 
TCAPPDLL 2025-07-30 14:40:06.967851 - Epoch: 0 Iteration: 17  rank : 0  train.loss : 1.8679571151733398  train.ips : 6.047626291281538 imgs/s train.total_time : 0.33070826530456543 
TCAPPDLL 2025-07-30 14:40:08.458710 - Epoch: 0 Iteration: 18  rank : 0  train.loss : 1.9582462310791016  train.ips : 1.3416350447803016 imgs/s train.total_time : 1.4907183647155762 
TCAPPDLL 2025-07-30 14:40:08.880789 - Epoch: 0 Iteration: 19  rank : 0  train.loss : 2.9648070335388184  train.ips : 4.740263893990337 imgs/s train.total_time : 0.4219174385070801 
TCAPPDLL 2025-07-30 14:40:09.176589 - Epoch: 0 Iteration: 20  rank : 0  train.loss : 2.6270551681518555  train.ips : 6.764973717869107 imgs/s train.total_time : 0.2956404685974121 
TCAPPDLL 2025-07-30 14:40:09.611445 - Epoch: 0 Iteration: 21  rank : 0  train.loss : 3.059725284576416  train.ips : 4.601666529526317 imgs/s train.total_time : 0.43462514877319336 
TCAPPDLL 2025-07-30 14:40:09.977947 - Epoch: 0 Iteration: 22  rank : 0  train.loss : 1.7491064071655273  train.ips : 5.460330850716209 imgs/s train.total_time : 0.36627817153930664 
TCAPPDLL 2025-07-30 14:40:10.419687 - Epoch: 0 Iteration: 23  rank : 0  train.loss : 2.222426176071167  train.ips : 4.529180265910778 imgs/s train.total_time : 0.44158101081848145 
TCAPPDLL 2025-07-30 14:40:11.920184 - Epoch: 0 Iteration: 24  rank : 0  train.loss : 1.5686370134353638  train.ips : 1.3330269564026263 imgs/s train.total_time : 1.5003447532653809 
TCAPPDLL 2025-07-30 14:40:12.427482 - Epoch: 0 Iteration: 25  rank : 0  train.loss : 2.2672934532165527  train.ips : 3.943877630177786 imgs/s train.total_time : 0.5071151256561279 
TCAPPDLL 2025-07-30 14:40:12.688885 - Epoch: 0 Iteration: 26  rank : 0  train.loss : 2.3508124351501465  train.ips : 7.655969955142626 imgs/s train.total_time : 0.2612340450286865 
TCAPPDLL 2025-07-30 14:40:12.906392 - Epoch: 0 Iteration: 27  rank : 0  train.loss : 2.448786973953247  train.ips : 9.200859913131225 imgs/s train.total_time : 0.21737098693847656 
TCAPPDLL 2025-07-30 14:40:14.407660 - Epoch: 0 Iteration: 28  rank : 0  train.loss : 1.22562575340271  train.ips : 1.332357273948093 imgs/s train.total_time : 1.501098871231079 
TCAPPDLL 2025-07-30 14:40:14.880646 - Epoch: 0 Iteration: 29  rank : 0  train.loss : 1.838990330696106  train.ips : 4.229785556137661 imgs/s train.total_time : 0.4728372097015381 
TCAPPDLL 2025-07-30 14:40:15.428696 - Epoch: 0 Iteration: 30  rank : 0  train.loss : 3.9922564029693604  train.ips : 3.6508653856197317 imgs/s train.total_time : 0.5478153228759766 
TCAPPDLL 2025-07-30 14:40:15.830379 - Epoch: 0 Iteration: 31  rank : 0  train.loss : 1.3081663846969604  train.ips : 4.981207813777611 imgs/s train.total_time : 0.40150904655456543 
TCAPPDLL 2025-07-30 14:40:16.125497 - Epoch: 0 Iteration: 32  rank : 0  train.loss : 2.307575225830078  train.ips : 6.779735974770994 imgs/s train.total_time : 0.2949967384338379 
TCAPPDLL 2025-07-30 14:40:16.401275 - Epoch: 0 Iteration: 33  rank : 0  train.loss : 2.2646164894104004  train.ips : 7.255683769222319 imgs/s train.total_time : 0.2756459712982178 
TCAPPDLL 2025-07-30 14:40:17.999766 - Epoch: 0 Iteration: 34  rank : 0  train.loss : 3.229976177215576  train.ips : 1.2513721133110804 imgs/s train.total_time : 1.598245620727539 
TCAPPDLL 2025-07-30 14:40:18.224438 - Epoch: 0 Iteration: 35  rank : 0  train.loss : 2.5241589546203613  train.ips : 8.931509824694027 imgs/s train.total_time : 0.22392630577087402 
TCAPPDLL 2025-07-30 14:40:18.458021 - Epoch: 0 Iteration: 36  rank : 0  train.loss : 1.2972958087921143  train.ips : 8.566718647398053 imgs/s train.total_time : 0.23346161842346191 
TCAPPDLL 2025-07-30 14:40:18.788587 - Epoch: 0 Iteration: 37  rank : 0  train.loss : 4.030045032501221  train.ips : 6.052535199276173 imgs/s train.total_time : 0.33044004440307617 
TCAPPDLL 2025-07-30 14:40:19.205547 - Epoch: 0 Iteration: 38  rank : 0  train.loss : 1.8572485446929932  train.ips : 4.79832699932961 imgs/s train.total_time : 0.4168119430541992 
TCAPPDLL 2025-07-30 14:40:19.390211 - Epoch: 0 Iteration: 39  rank : 0  train.loss : 1.7499723434448242  train.ips : 10.838274890824053 imgs/s train.total_time : 0.18453121185302734 
TCAPPDLL 2025-07-30 14:40:21.135576 - Epoch: 0 Iteration: 40  rank : 0  train.loss : 2.446418285369873  train.ips : 1.1459645041774538 imgs/s train.total_time : 1.7452547550201416 
TCAPPDLL 2025-07-30 14:40:21.337438 - Epoch: 0 Iteration: 41  rank : 0  train.loss : 2.385836124420166  train.ips : 9.912776723443177 imgs/s train.total_time : 0.20175981521606445 
TCAPPDLL 2025-07-30 14:40:21.721591 - Epoch: 0 Iteration: 42  rank : 0  train.loss : 1.6852110624313354  train.ips : 5.20800265720503 imgs/s train.total_time : 0.38402438163757324 
TCAPPDLL 2025-07-30 14:40:22.120599 - Epoch: 0 Iteration: 43  rank : 0  train.loss : 2.225454092025757  train.ips : 5.014246049654653 imgs/s train.total_time : 0.3988635540008545 
TCAPPDLL 2025-07-30 14:40:24.316485 - Epoch: 0 Iteration: 44  rank : 0  train.loss : 3.0440478324890137  train.ips : 0.910862375825545 imgs/s train.total_time : 2.195721387863159 
TCAPPDLL 2025-07-30 14:40:24.746571 - Epoch: 0 Iteration: 45  rank : 0  train.loss : 3.2444772720336914  train.ips : 4.652248035360734 imgs/s train.total_time : 0.4298996925354004 
TCAPPDLL 2025-07-30 14:40:25.017506 - Epoch: 0 Iteration: 46  rank : 0  train.loss : 2.4804468154907227  train.ips : 7.38565132180194 imgs/s train.total_time : 0.2707953453063965 
TCAPPDLL 2025-07-30 14:40:25.446612 - Epoch: 0 Iteration: 47  rank : 0  train.loss : 2.3988358974456787  train.ips : 4.662972357159573 imgs/s train.total_time : 0.4289109706878662 
TCAPPDLL 2025-07-30 14:40:26.436317 - Epoch: 0 Iteration: 48  rank : 0  train.loss : 1.7653836011886597  train.ips : 2.021224207345032 imgs/s train.total_time : 0.9894993305206299 
TCAPPDLL 2025-07-30 14:40:26.744146 - Epoch: 0 Iteration: 49  rank : 0  train.loss : 1.6860600709915161  train.ips : 6.500806342244042 imgs/s train.total_time : 0.30765414237976074 
07/30 14:40:26 - mmengine - INFO - Iter(train) [   50/40000]  lr: 9.9891e-03  eta: 7:15:35  time: 0.7352  data_time: 0.4175  memory: 21433  loss: 2.3362  decode_0.loss_ce: 0.6323  decode_0.acc_seg: 67.7206  decode_1.loss_ce: 1.7039  decode_1.acc_seg: 58.7788
TCAPPDLL 2025-07-30 14:40:27.677090 - Epoch: 0 Iteration: 50  rank : 0  train.loss : 2.0784504413604736  train.ips : 2.144094811809763 imgs/s train.total_time : 0.9327945709228516 
TCAPPDLL 2025-07-30 14:40:28.052439 - Epoch: 0 Iteration: 51  rank : 0  train.loss : 2.4294681549072266  train.ips : 5.330428964219197 imgs/s train.total_time : 0.37520432472229004 
TCAPPDLL 2025-07-30 14:40:28.250211 - Epoch: 0 Iteration: 52  rank : 0  train.loss : 2.189303398132324  train.ips : 10.119216674025125 imgs/s train.total_time : 0.19764375686645508 
TCAPPDLL 2025-07-30 14:40:28.589987 - Epoch: 0 Iteration: 53  rank : 0  train.loss : 1.5710457563400269  train.ips : 5.889193187059598 imgs/s train.total_time : 0.33960509300231934 
TCAPPDLL 2025-07-30 14:40:29.970207 - Epoch: 0 Iteration: 54  rank : 0  train.loss : 2.3877832889556885  train.ips : 1.4492334287037643 imgs/s train.total_time : 1.380039930343628 
TCAPPDLL 2025-07-30 14:40:30.414071 - Epoch: 0 Iteration: 55  rank : 0  train.loss : 1.8229947090148926  train.ips : 4.50742585961579 imgs/s train.total_time : 0.4437122344970703 
TCAPPDLL 2025-07-30 14:40:30.815741 - Epoch: 0 Iteration: 56  rank : 0  train.loss : 1.5223779678344727  train.ips : 4.980980068023333 imgs/s train.total_time : 0.40152740478515625 
TCAPPDLL 2025-07-30 14:40:31.256742 - Epoch: 0 Iteration: 57  rank : 0  train.loss : 1.619870662689209  train.ips : 4.537487815986507 imgs/s train.total_time : 0.44077253341674805 
TCAPPDLL 2025-07-30 14:40:31.562337 - Epoch: 0 Iteration: 58  rank : 0  train.loss : 1.1321938037872314  train.ips : 6.55093356532224 imgs/s train.total_time : 0.3052999973297119 
TCAPPDLL 2025-07-30 14:40:31.904218 - Epoch: 0 Iteration: 59  rank : 0  train.loss : 2.998602867126465  train.ips : 5.852191936308657 imgs/s train.total_time : 0.341752290725708 
TCAPPDLL 2025-07-30 14:40:32.752879 - Epoch: 0 Iteration: 60  rank : 0  train.loss : 2.694199323654175  train.ips : 2.356917943448746 imgs/s train.total_time : 0.8485658168792725 
TCAPPDLL 2025-07-30 14:40:33.066405 - Epoch: 0 Iteration: 61  rank : 0  train.loss : 3.761765480041504  train.ips : 6.381096041922922 imgs/s train.total_time : 0.31342577934265137 
TCAPPDLL 2025-07-30 14:40:33.494267 - Epoch: 0 Iteration: 62  rank : 0  train.loss : 3.4563591480255127  train.ips : 4.676083189004754 imgs/s train.total_time : 0.42770838737487793 
TCAPPDLL 2025-07-30 14:40:33.940374 - Epoch: 0 Iteration: 63  rank : 0  train.loss : 1.7517980337142944  train.ips : 4.485579596690708 imgs/s train.total_time : 0.4458732604980469 
TCAPPDLL 2025-07-30 14:40:34.393147 - Epoch: 0 Iteration: 64  rank : 0  train.loss : 1.59253990650177  train.ips : 4.420428826400083 imgs/s train.total_time : 0.45244479179382324 
TCAPPDLL 2025-07-30 14:40:35.755094 - Epoch: 0 Iteration: 65  rank : 0  train.loss : 1.2227520942687988  train.ips : 1.4686748306322914 imgs/s train.total_time : 1.361771821975708 
TCAPPDLL 2025-07-30 14:40:35.988267 - Epoch: 0 Iteration: 66  rank : 0  train.loss : 2.9552714824676514  train.ips : 8.582442463027476 imgs/s train.total_time : 0.2330338954925537 
TCAPPDLL 2025-07-30 14:40:36.226178 - Epoch: 0 Iteration: 67  rank : 0  train.loss : 2.001796245574951  train.ips : 8.41119205065601 imgs/s train.total_time : 0.2377784252166748 
TCAPPDLL 2025-07-30 14:40:36.873228 - Epoch: 0 Iteration: 68  rank : 0  train.loss : 1.9993376731872559  train.ips : 3.092065968139432 imgs/s train.total_time : 0.6468167304992676 
TCAPPDLL 2025-07-30 14:40:37.312752 - Epoch: 0 Iteration: 69  rank : 0  train.loss : 1.573364019393921  train.ips : 4.552706732068639 imgs/s train.total_time : 0.4392991065979004 
TCAPPDLL 2025-07-30 14:40:38.341770 - Epoch: 0 Iteration: 70  rank : 0  train.loss : 1.6336994171142578  train.ips : 1.9439218724255851 imgs/s train.total_time : 1.0288479328155518 
TCAPPDLL 2025-07-30 14:40:38.793304 - Epoch: 0 Iteration: 71  rank : 0  train.loss : 2.0238351821899414  train.ips : 4.430655079910274 imgs/s train.total_time : 0.4514005184173584 
TCAPPDLL 2025-07-30 14:40:39.178140 - Epoch: 0 Iteration: 72  rank : 0  train.loss : 1.1846206188201904  train.ips : 5.198468830968433 imgs/s train.total_time : 0.38472867012023926 
TCAPPDLL 2025-07-30 14:40:39.629532 - Epoch: 0 Iteration: 73  rank : 0  train.loss : 1.340224027633667  train.ips : 4.432544396207353 imgs/s train.total_time : 0.45120811462402344 
TCAPPDLL 2025-07-30 14:40:40.081944 - Epoch: 0 Iteration: 74  rank : 0  train.loss : 1.3239128589630127  train.ips : 4.422197527375784 imgs/s train.total_time : 0.45226383209228516 
TCAPPDLL 2025-07-30 14:40:41.613897 - Epoch: 0 Iteration: 75  rank : 0  train.loss : 0.8478405475616455  train.ips : 1.3056262216985015 imgs/s train.total_time : 1.531831979751587 
TCAPPDLL 2025-07-30 14:40:42.063728 - Epoch: 0 Iteration: 76  rank : 0  train.loss : 1.6709239482879639  train.ips : 4.44793409814439 imgs/s train.total_time : 0.4496469497680664 
TCAPPDLL 2025-07-30 14:40:42.496833 - Epoch: 0 Iteration: 77  rank : 0  train.loss : 3.058000087738037  train.ips : 4.619857559208976 imgs/s train.total_time : 0.43291378021240234 
TCAPPDLL 2025-07-30 14:40:42.937309 - Epoch: 0 Iteration: 78  rank : 0  train.loss : 3.4776017665863037  train.ips : 4.5427585672827036 imgs/s train.total_time : 0.4402611255645752 
TCAPPDLL 2025-07-30 14:40:43.238713 - Epoch: 0 Iteration: 79  rank : 0  train.loss : 1.0363621711730957  train.ips : 6.639461726530674 imgs/s train.total_time : 0.30122923851013184 
TCAPPDLL 2025-07-30 14:40:44.559007 - Epoch: 0 Iteration: 80  rank : 0  train.loss : 1.2965114116668701  train.ips : 1.5150005427094257 imgs/s train.total_time : 1.320131540298462 
TCAPPDLL 2025-07-30 14:40:44.955749 - Epoch: 0 Iteration: 81  rank : 0  train.loss : 2.579861640930176  train.ips : 5.04272782905502 imgs/s train.total_time : 0.39661073684692383 
TCAPPDLL 2025-07-30 14:40:45.405164 - Epoch: 0 Iteration: 82  rank : 0  train.loss : 2.2363598346710205  train.ips : 4.45153837050905 imgs/s train.total_time : 0.4492828845977783 
TCAPPDLL 2025-07-30 14:40:45.843909 - Epoch: 0 Iteration: 83  rank : 0  train.loss : 0.7615768909454346  train.ips : 4.560746281477905 imgs/s train.total_time : 0.4385247230529785 
TCAPPDLL 2025-07-30 14:40:46.083031 - Epoch: 0 Iteration: 84  rank : 0  train.loss : 1.6872103214263916  train.ips : 8.370636243984166 imgs/s train.total_time : 0.23893046379089355 
TCAPPDLL 2025-07-30 14:40:46.263553 - Epoch: 0 Iteration: 85  rank : 0  train.loss : 1.098273754119873  train.ips : 11.085264987082665 imgs/s train.total_time : 0.1804196834564209 
TCAPPDLL 2025-07-30 14:40:48.233688 - Epoch: 0 Iteration: 86  rank : 0  train.loss : 1.5978808403015137  train.ips : 1.0152210396450905 imgs/s train.total_time : 1.9700143337249756 
TCAPPDLL 2025-07-30 14:40:48.667953 - Epoch: 0 Iteration: 87  rank : 0  train.loss : 1.6903274059295654  train.ips : 4.607133069381537 imgs/s train.total_time : 0.4341094493865967 
TCAPPDLL 2025-07-30 14:40:49.115798 - Epoch: 0 Iteration: 88  rank : 0  train.loss : 3.610358953475952  train.ips : 4.467669529325611 imgs/s train.total_time : 0.4476606845855713 
TCAPPDLL 2025-07-30 14:40:49.556709 - Epoch: 0 Iteration: 89  rank : 0  train.loss : 1.7792611122131348  train.ips : 4.538401027504353 imgs/s train.total_time : 0.44068384170532227 
TCAPPDLL 2025-07-30 14:40:50.528261 - Epoch: 0 Iteration: 90  rank : 0  train.loss : 2.3888988494873047  train.ips : 2.0589426569087514 imgs/s train.total_time : 0.9713723659515381 
TCAPPDLL 2025-07-30 14:40:50.959095 - Epoch: 0 Iteration: 91  rank : 0  train.loss : 1.8712341785430908  train.ips : 4.6437081429503015 imgs/s train.total_time : 0.43069028854370117 
TCAPPDLL 2025-07-30 14:40:51.410546 - Epoch: 0 Iteration: 92  rank : 0  train.loss : 2.73423171043396  train.ips : 4.431937860154705 imgs/s train.total_time : 0.45126986503601074 
TCAPPDLL 2025-07-30 14:40:51.843097 - Epoch: 0 Iteration: 93  rank : 0  train.loss : 1.8790955543518066  train.ips : 4.625841847158661 imgs/s train.total_time : 0.4323537349700928 
TCAPPDLL 2025-07-30 14:40:52.263727 - Epoch: 0 Iteration: 94  rank : 0  train.loss : 2.694173574447632  train.ips : 4.756916394237448 imgs/s train.total_time : 0.4204404354095459 
TCAPPDLL 2025-07-30 14:40:52.680763 - Epoch: 0 Iteration: 95  rank : 0  train.loss : 2.3393216133117676  train.ips : 4.797446122717189 imgs/s train.total_time : 0.4168884754180908 
TCAPPDLL 2025-07-30 14:40:53.076107 - Epoch: 0 Iteration: 96  rank : 0  train.loss : 1.526292085647583  train.ips : 5.060887328608652 imgs/s train.total_time : 0.3951876163482666 
TCAPPDLL 2025-07-30 14:40:53.497799 - Epoch: 0 Iteration: 97  rank : 0  train.loss : 2.2346041202545166  train.ips : 4.744467733962565 imgs/s train.total_time : 0.42154359817504883 
TCAPPDLL 2025-07-30 14:40:54.255129 - Epoch: 0 Iteration: 98  rank : 0  train.loss : 2.533742666244507  train.ips : 2.641374952020704 imgs/s train.total_time : 0.7571814060211182 
TCAPPDLL 2025-07-30 14:40:54.562101 - Epoch: 0 Iteration: 99  rank : 0  train.loss : 2.983699321746826  train.ips : 6.5199965490359455 imgs/s train.total_time : 0.306748628616333 
07/30 14:40:54 - mmengine - INFO - Iter(train) [  100/40000]  lr: 9.9779e-03  eta: 6:42:26  time: 0.5003  data_time: 0.1112  memory: 2640  loss: 2.3185  decode_0.loss_ce: 0.6102  decode_0.acc_seg: 47.8088  decode_1.loss_ce: 1.7083  decode_1.acc_seg: 32.1371
TCAPPDLL 2025-07-30 14:40:55.074714 - Epoch: 0 Iteration: 100  rank : 0  train.loss : 1.161539077758789  train.ips : 3.9031340993244923 imgs/s train.total_time : 0.5124087333679199 
TCAPPDLL 2025-07-30 14:40:55.379247 - Epoch: 0 Iteration: 101  rank : 0  train.loss : 2.546532154083252  train.ips : 6.581174091133398 imgs/s train.total_time : 0.3038971424102783 
TCAPPDLL 2025-07-30 14:40:56.734573 - Epoch: 0 Iteration: 102  rank : 0  train.loss : 1.8506897687911987  train.ips : 1.4758763260239822 imgs/s train.total_time : 1.3551270961761475 
TCAPPDLL 2025-07-30 14:40:57.205681 - Epoch: 0 Iteration: 103  rank : 0  train.loss : 1.646958351135254  train.ips : 4.2486850442235395 imgs/s train.total_time : 0.4707338809967041 
TCAPPDLL 2025-07-30 14:40:57.657561 - Epoch: 0 Iteration: 104  rank : 0  train.loss : 1.9213762283325195  train.ips : 4.427923455472454 imgs/s train.total_time : 0.451678991317749 
TCAPPDLL 2025-07-30 14:40:58.343909 - Epoch: 0 Iteration: 105  rank : 0  train.loss : 1.3466618061065674  train.ips : 2.9146947227974596 imgs/s train.total_time : 0.6861782073974609 
TCAPPDLL 2025-07-30 14:40:58.760264 - Epoch: 0 Iteration: 106  rank : 0  train.loss : 3.1828131675720215  train.ips : 4.8053801692186955 imgs/s train.total_time : 0.4162001609802246 
TCAPPDLL 2025-07-30 14:40:59.051531 - Epoch: 0 Iteration: 107  rank : 0  train.loss : 1.2269725799560547  train.ips : 6.8708620554084865 imgs/s train.total_time : 0.29108428955078125 
TCAPPDLL 2025-07-30 14:40:59.395758 - Epoch: 0 Iteration: 108  rank : 0  train.loss : 0.8645511865615845  train.ips : 5.812827762071068 imgs/s train.total_time : 0.3440666198730469 
TCAPPDLL 2025-07-30 14:40:59.740680 - Epoch: 0 Iteration: 109  rank : 0  train.loss : 1.991779088973999  train.ips : 5.800909351801589 imgs/s train.total_time : 0.344773530960083 
TCAPPDLL 2025-07-30 14:41:00.034153 - Epoch: 0 Iteration: 110  rank : 0  train.loss : 2.3460116386413574  train.ips : 6.818476504459162 imgs/s train.total_time : 0.2933206558227539 
TCAPPDLL 2025-07-30 14:41:00.353822 - Epoch: 0 Iteration: 111  rank : 0  train.loss : 1.5329258441925049  train.ips : 6.25921167107645 imgs/s train.total_time : 0.31952905654907227 
TCAPPDLL 2025-07-30 14:41:00.817863 - Epoch: 0 Iteration: 112  rank : 0  train.loss : 1.179858922958374  train.ips : 4.3113351938366975 imgs/s train.total_time : 0.46389341354370117 
TCAPPDLL 2025-07-30 14:41:01.223593 - Epoch: 0 Iteration: 113  rank : 0  train.loss : 2.103607654571533  train.ips : 4.931325047646033 imgs/s train.total_time : 0.40557050704956055 
TCAPPDLL 2025-07-30 14:41:01.659771 - Epoch: 0 Iteration: 114  rank : 0  train.loss : 1.0384252071380615  train.ips : 4.587360517544507 imgs/s train.total_time : 0.43598055839538574 
